#
# There is insufficient memory for the Java Runtime Environment to continue.
# Native memory allocation (malloc) failed to allocate 2574368 bytes. Error detail: Chunk::new
# Possible reasons:
#   The system is out of physical RAM or swap space
#   This process is running with CompressedOops enabled, and the Java Heap may be blocking the growth of the native heap
# Possible solutions:
#   Reduce memory load on the system
#   Increase physical memory or swap space
#   Check if swap backing store is full
#   Decrease Java heap size (-Xmx/-Xms)
#   Decrease number of Java threads
#   Decrease Java thread stack sizes (-Xss)
#   Set larger code cache with -XX:ReservedCodeCacheSize=
#   JVM is running with Unscaled Compressed Oops mode in which the Java heap is
#     placed in the first 4GB address space. The Java Heap base address is the
#     maximum limit for the native heap growth. Please use -XX:HeapBaseMinAddress
#     to set the Java Heap base and to place the Java Heap above 4GB virtual address.
# This output file may be truncated or incomplete.
#
#  Out of Memory Error (arena.cpp:191), pid=25228, tid=19280
#
# JRE version: OpenJDK Runtime Environment Temurin-17.0.13+11 (17.0.13+11) (build 17.0.13+11)
# Java VM: OpenJDK 64-Bit Server VM Temurin-17.0.13+11 (17.0.13+11, mixed mode, tiered, compressed oops, compressed class ptrs, parallel gc, windows-amd64)
# No core dump will be written. Minidumps are not enabled by default on client versions of Windows
#

---------------  S U M M A R Y ------------

Command Line: --add-modules=ALL-SYSTEM --add-opens=java.base/java.util=ALL-UNNAMED --add-opens=java.base/java.lang=ALL-UNNAMED --add-opens=java.base/sun.nio.fs=ALL-UNNAMED -Declipse.application=org.eclipse.jdt.ls.core.id1 -Dosgi.bundles.defaultStartLevel=4 -Declipse.product=org.eclipse.jdt.ls.core.product -Djava.import.generatesMetadataFilesAtProjectRoot=false -DDetectVMInstallationsJob.disabled=true -Dfile.encoding=utf8 -XX:+UseParallelGC -XX:GCTimeRatio=4 -XX:AdaptiveSizePolicyWeight=90 -Dsun.zip.disableMemoryMapping=true -Xmx1G -Xms100m -Xlog:disable -javaagent:c:\Users\yesen binuwara\.vscode\extensions\redhat.java-1.36.0-win32-x64\lombok\lombok-1.18.35.jar -XX:+HeapDumpOnOutOfMemoryError -XX:HeapDumpPath=c:\Users\yesen binuwara\AppData\Roaming\Code\User\workspaceStorage\caab01ede173fb20102cb1c75776ea43\redhat.java -Daether.dependencyCollector.impl=bf c:\Users\yesen binuwara\.vscode\extensions\redhat.java-1.36.0-win32-x64\server\plugins\org.eclipse.equinox.launcher_1.6.900.v20240613-2009.jar -configuration c:\Users\yesen binuwara\AppData\Roaming\Code\User\globalStorage\redhat.java\1.36.0\config_win -data c:\Users\yesen binuwara\AppData\Roaming\Code\User\workspaceStorage\caab01ede173fb20102cb1c75776ea43\redhat.java\jdt_ws --pipe=\\.\pipe\lsp-1d8e4750a263e44d478c5207dc9f1e11-sock

Host: 11th Gen Intel(R) Core(TM) i7-1165G7 @ 2.80GHz, 8 cores, 7G,  Windows 11 , 64 bit Build 22621 (10.0.22621.4391)
Time: Mon Nov 25 17:42:30 2024 Sri Lanka Standard Time elapsed time: 14.817716 seconds (0d 0h 0m 14s)

---------------  T H R E A D  ---------------

Current thread (0x000001f35d7f8380):  JavaThread "C2 CompilerThread0" daemon [_thread_in_native, id=19280, stack(0x00000086fec00000,0x00000086fed00000)]


Current CompileTask:
C2:  14817 11062   !   4       org.eclipse.jdt.internal.compiler.classfmt.ClassFileReader::<init> (2119 bytes)

Stack: [0x00000086fec00000,0x00000086fed00000]
Native frames: (J=compiled Java code, j=interpreted, Vv=VM code, C=native code)
V  [jvm.dll+0x682a19]
V  [jvm.dll+0x839538]
V  [jvm.dll+0x83afe3]
V  [jvm.dll+0x83b653]
V  [jvm.dll+0x24704f]
V  [jvm.dll+0xace34]
V  [jvm.dll+0xad4cc]
V  [jvm.dll+0x36597e]
V  [jvm.dll+0x1ba989]
V  [jvm.dll+0x2181a7]
V  [jvm.dll+0x21748f]
V  [jvm.dll+0x1a3070]
V  [jvm.dll+0x22788c]
V  [jvm.dll+0x2259eb]
V  [jvm.dll+0x7eec98]
V  [jvm.dll+0x7e8ffc]
V  [jvm.dll+0x6818f7]
C  [ucrtbase.dll+0x29333]
C  [KERNEL32.DLL+0x1259d]
C  [ntdll.dll+0x5af38]


---------------  P R O C E S S  ---------------

Threads class SMR info:
_java_thread_list=0x000001f36aa14d00, length=66, elements={
0x000001f34292f8d0, 0x000001f358703020, 0x000001f358704290, 0x000001f35870dfd0,
0x000001f35870e9a0, 0x000001f35d7e6fa0, 0x000001f35d7ea4d0, 0x000001f35d7f8380,
0x000001f35d7f9040, 0x000001f35d7fa130, 0x000001f342991f20, 0x000001f35db47700,
0x000001f35ef26fe0, 0x000001f35f11f640, 0x000001f35f5a3690, 0x000001f35f5a3b70,
0x000001f35f01e190, 0x000001f35fb66700, 0x000001f35fb657d0, 0x000001f35fb63e80,
0x000001f35fb65ce0, 0x000001f35fb66c10, 0x000001f35fb661f0, 0x000001f35fb63460,
0x000001f35fb64390, 0x000001f35fb63970, 0x000001f35fb648a0, 0x000001f36080db90,
0x000001f360807b60, 0x000001f36080d170, 0x000001f360807140, 0x000001f360807650,
0x000001f36080e0a0, 0x000001f36080b310, 0x000001f36080c240, 0x000001f36080a3e0,
0x000001f360808a90, 0x000001f360806c30, 0x000001f36080a8f0, 0x000001f360808580,
0x000001f360808fa0, 0x000001f36080c750, 0x000001f36080b820, 0x000001f3608094b0,
0x000001f3608099c0, 0x000001f360809ed0, 0x000001f36080cc60, 0x000001f36080ae00,
0x000001f36080e5b0, 0x000001f36080d680, 0x000001f35fb64db0, 0x000001f362249250,
0x000001f3622469d0, 0x000001f362247e10, 0x000001f362248d40, 0x000001f3622473f0,
0x000001f3622464c0, 0x000001f362248830, 0x000001f360193890, 0x000001f360194cd0,
0x000001f36a45fab0, 0x000001f360192e70, 0x000001f360191a30, 0x000001f36018f1b0,
0x000001f3601951e0, 0x000001f36018e280
}

Java Threads: ( => current thread )
  0x000001f34292f8d0 JavaThread "main" [_thread_blocked, id=22808, stack(0x00000086fe300000,0x00000086fe400000)]
  0x000001f358703020 JavaThread "Reference Handler" daemon [_thread_blocked, id=12684, stack(0x00000086fe600000,0x00000086fe700000)]
  0x000001f358704290 JavaThread "Finalizer" daemon [_thread_blocked, id=10956, stack(0x00000086fe700000,0x00000086fe800000)]
  0x000001f35870dfd0 JavaThread "Signal Dispatcher" daemon [_thread_blocked, id=24824, stack(0x00000086fe800000,0x00000086fe900000)]
  0x000001f35870e9a0 JavaThread "Attach Listener" daemon [_thread_blocked, id=21256, stack(0x00000086fe900000,0x00000086fea00000)]
  0x000001f35d7e6fa0 JavaThread "Service Thread" daemon [_thread_blocked, id=12312, stack(0x00000086fea00000,0x00000086feb00000)]
  0x000001f35d7ea4d0 JavaThread "Monitor Deflation Thread" daemon [_thread_blocked, id=24676, stack(0x00000086feb00000,0x00000086fec00000)]
=>0x000001f35d7f8380 JavaThread "C2 CompilerThread0" daemon [_thread_in_native, id=19280, stack(0x00000086fec00000,0x00000086fed00000)]
  0x000001f35d7f9040 JavaThread "C1 CompilerThread0" daemon [_thread_blocked, id=20936, stack(0x00000086fed00000,0x00000086fee00000)]
  0x000001f35d7fa130 JavaThread "Sweeper thread" daemon [_thread_blocked, id=24492, stack(0x00000086fee00000,0x00000086fef00000)]
  0x000001f342991f20 JavaThread "Common-Cleaner" daemon [_thread_blocked, id=10220, stack(0x00000086fef00000,0x00000086ff000000)]
  0x000001f35db47700 JavaThread "Notification Thread" daemon [_thread_blocked, id=11060, stack(0x00000086ff100000,0x00000086ff200000)]
  0x000001f35ef26fe0 JavaThread "Active Thread: Equinox Container: 6b04ffc6-0862-4408-bb8f-01c0789e44e8" [_thread_blocked, id=15020, stack(0x00000086ff800000,0x00000086ff900000)]
  0x000001f35f11f640 JavaThread "Refresh Thread: Equinox Container: 6b04ffc6-0862-4408-bb8f-01c0789e44e8" daemon [_thread_blocked, id=22932, stack(0x00000086ff900000,0x00000086ffa00000)]
  0x000001f35f5a3690 JavaThread "Framework Event Dispatcher: Equinox Container: 6b04ffc6-0862-4408-bb8f-01c0789e44e8" daemon [_thread_blocked, id=22524, stack(0x00000086ffa00000,0x00000086ffb00000)]
  0x000001f35f5a3b70 JavaThread "Start Level: Equinox Container: 6b04ffc6-0862-4408-bb8f-01c0789e44e8" daemon [_thread_blocked, id=19372, stack(0x00000086ffb00000,0x00000086ffc00000)]
  0x000001f35f01e190 JavaThread "Bundle File Closer" daemon [_thread_blocked, id=24568, stack(0x00000086ffe00000,0x00000086fff00000)]
  0x000001f35fb66700 JavaThread "SCR Component Actor" daemon [_thread_blocked, id=13180, stack(0x00000086fff00000,0x0000008700000000)]
  0x000001f35fb657d0 JavaThread "Worker-JM" [_thread_blocked, id=12036, stack(0x0000008680100000,0x0000008680200000)]
  0x000001f35fb63e80 JavaThread "JNA Cleaner" daemon [_thread_blocked, id=13468, stack(0x0000008680200000,0x0000008680300000)]
  0x000001f35fb65ce0 JavaThread "Worker-0: Java indexing... " [_thread_blocked, id=23496, stack(0x0000008680300000,0x0000008680400000)]
  0x000001f35fb66c10 JavaThread "Worker-1: Initialize workspace" [_thread_in_Java, id=21304, stack(0x0000008680400000,0x0000008680500000)]
  0x000001f35fb661f0 JavaThread "Java indexing" daemon [_thread_in_Java, id=1584, stack(0x0000008680600000,0x0000008680700000)]
  0x000001f35fb63460 JavaThread "Thread-2" daemon [_thread_in_native, id=24244, stack(0x0000008680700000,0x0000008680800000)]
  0x000001f35fb64390 JavaThread "Thread-3" daemon [_thread_in_native, id=19188, stack(0x0000008680800000,0x0000008680900000)]
  0x000001f35fb63970 JavaThread "Thread-4" daemon [_thread_in_native, id=13732, stack(0x0000008680900000,0x0000008680a00000)]
  0x000001f35fb648a0 JavaThread "Thread-5" daemon [_thread_in_native, id=9824, stack(0x0000008680a00000,0x0000008680b00000)]
  0x000001f36080db90 JavaThread "Thread-6" daemon [_thread_in_native, id=15764, stack(0x0000008680b00000,0x0000008680c00000)]
  0x000001f360807b60 JavaThread "Thread-7" daemon [_thread_in_native, id=3448, stack(0x0000008680c00000,0x0000008680d00000)]
  0x000001f36080d170 JavaThread "Thread-8" daemon [_thread_in_native, id=16348, stack(0x0000008680d00000,0x0000008680e00000)]
  0x000001f360807140 JavaThread "Thread-9" daemon [_thread_in_native, id=14176, stack(0x0000008680e00000,0x0000008680f00000)]
  0x000001f360807650 JavaThread "Thread-10" daemon [_thread_in_native, id=18488, stack(0x0000008680f00000,0x0000008681000000)]
  0x000001f36080e0a0 JavaThread "pool-2-thread-1" [_thread_blocked, id=21456, stack(0x0000008681000000,0x0000008681100000)]
  0x000001f36080b310 JavaThread "Worker-2: Initialize Workspace" [_thread_blocked, id=24176, stack(0x0000008681100000,0x0000008681200000)]
  0x000001f36080c240 JavaThread "WorkspaceEventsHandler" [_thread_blocked, id=14048, stack(0x0000008681200000,0x0000008681300000)]
  0x000001f36080a3e0 JavaThread "pool-1-thread-1" [_thread_blocked, id=23540, stack(0x0000008681300000,0x0000008681400000)]
  0x000001f360808a90 JavaThread "Worker-3" [_thread_blocked, id=22888, stack(0x0000008681400000,0x0000008681500000)]
  0x000001f360806c30 JavaThread "Worker-4" [_thread_blocked, id=20424, stack(0x0000008681500000,0x0000008681600000)]
  0x000001f36080a8f0 JavaThread "Worker-5" [_thread_blocked, id=22240, stack(0x0000008681600000,0x0000008681700000)]
  0x000001f360808580 JavaThread "LocalFile Deleter" daemon [_thread_blocked, id=14616, stack(0x0000008681700000,0x0000008681800000)]
  0x000001f360808fa0 JavaThread "LocalFile Deleter" daemon [_thread_blocked, id=24444, stack(0x0000008681800000,0x0000008681900000)]
  0x000001f36080c750 JavaThread "LocalFile Deleter" daemon [_thread_blocked, id=22580, stack(0x0000008681900000,0x0000008681a00000)]
  0x000001f36080b820 JavaThread "LocalFile Deleter" daemon [_thread_blocked, id=18012, stack(0x0000008681a00000,0x0000008681b00000)]
  0x000001f3608094b0 JavaThread "LocalFile Deleter" daemon [_thread_blocked, id=4028, stack(0x0000008681b00000,0x0000008681c00000)]
  0x000001f3608099c0 JavaThread "LocalFile Deleter" daemon [_thread_blocked, id=15124, stack(0x0000008681c00000,0x0000008681d00000)]
  0x000001f360809ed0 JavaThread "LocalFile Deleter" daemon [_thread_blocked, id=24896, stack(0x0000008681d00000,0x0000008681e00000)]
  0x000001f36080cc60 JavaThread "LocalFile Deleter" daemon [_thread_blocked, id=14420, stack(0x0000008681e00000,0x0000008681f00000)]
  0x000001f36080ae00 JavaThread "Compiler Source File Reader" daemon [_thread_blocked, id=13876, stack(0x0000008681f00000,0x0000008682000000)]
  0x000001f36080e5b0 JavaThread "Compiler Source File Reader" daemon [_thread_blocked, id=22216, stack(0x0000008682000000,0x0000008682100000)]
  0x000001f36080d680 JavaThread "Compiler Source File Reader" daemon [_thread_blocked, id=4480, stack(0x0000008682100000,0x0000008682200000)]
  0x000001f35fb64db0 JavaThread "Compiler Source File Reader" daemon [_thread_blocked, id=18260, stack(0x0000008682200000,0x0000008682300000)]
  0x000001f362249250 JavaThread "Compiler Source File Reader" daemon [_thread_blocked, id=12060, stack(0x0000008682300000,0x0000008682400000)]
  0x000001f3622469d0 JavaThread "Compiler Source File Reader" daemon [_thread_blocked, id=1964, stack(0x0000008682400000,0x0000008682500000)]
  0x000001f362247e10 JavaThread "Compiler Processing Task" daemon [_thread_blocked, id=15840, stack(0x0000008682500000,0x0000008682600000)]
  0x000001f362248d40 JavaThread "Compiler Class File Writer" daemon [_thread_blocked, id=8264, stack(0x0000008682600000,0x0000008682700000)]
  0x000001f3622473f0 JavaThread "Compiler Class File Writer" daemon [_thread_blocked, id=1716, stack(0x0000008682700000,0x0000008682800000)]
  0x000001f3622464c0 JavaThread "Compiler Class File Writer" daemon [_thread_blocked, id=16748, stack(0x0000008682800000,0x0000008682900000)]
  0x000001f362248830 JavaThread "Compiler Class File Writer" daemon [_thread_blocked, id=18296, stack(0x0000008682900000,0x0000008682a00000)]
  0x000001f360193890 JavaThread "Compiler Class File Writer" daemon [_thread_blocked, id=23724, stack(0x0000008682a00000,0x0000008682b00000)]
  0x000001f360194cd0 JavaThread "Compiler Class File Writer" daemon [_thread_blocked, id=16720, stack(0x0000008682b00000,0x0000008682c00000)]
  0x000001f36a45fab0 JavaThread "C2 CompilerThread1" daemon [_thread_in_native, id=10448, stack(0x0000008680000000,0x0000008680100000)]
  0x000001f360192e70 JavaThread "ForkJoinPool.commonPool-worker-1" daemon [_thread_blocked, id=21380, stack(0x0000008680500000,0x0000008680600000)]
  0x000001f360191a30 JavaThread "ForkJoinPool.commonPool-worker-2" daemon [_thread_blocked, id=18032, stack(0x0000008682c00000,0x0000008682d00000)]
  0x000001f36018f1b0 JavaThread "ForkJoinPool.commonPool-worker-3" daemon [_thread_blocked, id=8060, stack(0x0000008682d00000,0x0000008682e00000)]
  0x000001f3601951e0 JavaThread "ForkJoinPool.commonPool-worker-4" daemon [_thread_blocked, id=15076, stack(0x0000008682e00000,0x0000008682f00000)]
  0x000001f36018e280 JavaThread "SCR Component Registry" daemon [_thread_blocked, id=15796, stack(0x0000008682f00000,0x0000008683000000)]

Other Threads:
  0x000001f35d7c14b0 VMThread "VM Thread" [stack: 0x00000086fe500000,0x00000086fe600000] [id=25304]
  0x000001f35e9983d0 WatcherThread [stack: 0x00000086ff200000,0x00000086ff300000] [id=13284]
  0x000001f3429448f0 GCTaskThread "GC Thread#0" [stack: 0x00000086fe400000,0x00000086fe500000] [id=11660]
  0x000001f35eee44f0 GCTaskThread "GC Thread#1" [stack: 0x00000086ff300000,0x00000086ff400000] [id=10408]
  0x000001f35eee6be0 GCTaskThread "GC Thread#2" [stack: 0x00000086ff400000,0x00000086ff500000] [id=23936]
  0x000001f35eee93a0 GCTaskThread "GC Thread#3" [stack: 0x00000086ff500000,0x00000086ff600000] [id=24188]
  0x000001f35eed9240 GCTaskThread "GC Thread#4" [stack: 0x00000086ff600000,0x00000086ff700000] [id=9896]
  0x000001f35eed9500 GCTaskThread "GC Thread#5" [stack: 0x00000086ff700000,0x00000086ff800000] [id=3292]
  0x000001f35f5a4050 GCTaskThread "GC Thread#6" [stack: 0x00000086ffc00000,0x00000086ffd00000] [id=25580]
  0x000001f35efadb60 GCTaskThread "GC Thread#7" [stack: 0x00000086ffd00000,0x00000086ffe00000] [id=24324]

Threads with active compile tasks:
C2 CompilerThread0    14852 11062   !   4       org.eclipse.jdt.internal.compiler.classfmt.ClassFileReader::<init> (2119 bytes)
C2 CompilerThread1    14852 11009       4       org.eclipse.jdt.internal.core.search.indexing.AbstractIndexer::addTypeDeclaration (109 bytes)

VM state: not at safepoint (normal execution)

VM Mutex/Monitor currently owned by a thread: None

Heap address: 0x00000000c0000000, size: 1024 MB, Compressed Oops mode: 32-bit

CDS archive(s) not mapped
Compressed class space mapped at: 0x0000000100000000-0x0000000140000000, reserved size: 1073741824
Narrow klass base: 0x0000000000000000, Narrow klass shift: 3, Narrow klass range: 0x140000000

GC Precious Log:
 CPUs: 8 total, 8 available
 Memory: 7914M
 Large Page Support: Disabled
 NUMA Support: Disabled
 Compressed Oops: Enabled (32-bit)
 Alignments: Space 512K, Generation 512K, Heap 2M
 Heap Min Capacity: 100M
 Heap Initial Capacity: 100M
 Heap Max Capacity: 1G
 Pre-touch: Disabled
 Parallel Workers: 8

Heap:
 PSYoungGen      total 48640K, used 24608K [0x00000000eab00000, 0x00000000ef300000, 0x0000000100000000)
  eden space 46080K, 47% used [0x00000000eab00000,0x00000000ec088ea0,0x00000000ed800000)
  from space 2560K, 99% used [0x00000000ef080000,0x00000000ef2ff2b8,0x00000000ef300000)
  to   space 7168K, 0% used [0x00000000ee500000,0x00000000ee500000,0x00000000eec00000)
 ParOldGen       total 256512K, used 168593K [0x00000000c0000000, 0x00000000cfa80000, 0x00000000eab00000)
  object space 256512K, 65% used [0x00000000c0000000,0x00000000ca4a4600,0x00000000cfa80000)
 Metaspace       used 69078K, committed 70400K, reserved 1114112K
  class space    used 7209K, committed 7808K, reserved 1048576K

Card table byte_map: [0x000001f355f80000,0x000001f356190000] _byte_map_base: 0x000001f355980000

Marking Bits: (ParMarkBitMap*) 0x00007ffce9296940
 Begin Bits: [0x000001f3562f0000, 0x000001f3572f0000)
 End Bits:   [0x000001f3572f0000, 0x000001f3582f0000)

Polling page: 0x000001f3429e0000

Metaspace:

Usage:
  Non-class:     60.42 MB used.
      Class:      7.04 MB used.
       Both:     67.46 MB used.

Virtual space:
  Non-class space:       64.00 MB reserved,      61.12 MB ( 96%) committed,  1 nodes.
      Class space:        1.00 GB reserved,       7.62 MB ( <1%) committed,  1 nodes.
             Both:        1.06 GB reserved,      68.75 MB (  6%) committed. 

Chunk freelists:
   Non-Class:  2.76 MB
       Class:  8.33 MB
        Both:  11.09 MB

MaxMetaspaceSize: unlimited
CompressedClassSpaceSize: 1.00 GB
Initial GC threshold: 21.00 MB
Current GC threshold: 113.44 MB
CDS: off
MetaspaceReclaimPolicy: balanced
 - commit_granule_bytes: 65536.
 - commit_granule_words: 8192.
 - virtual_space_node_default_size: 8388608.
 - enlarge_chunks_in_place: 1.
 - new_chunks_are_fully_committed: 0.
 - uncommit_free_chunks: 1.
 - use_allocation_guard: 0.
 - handle_deallocations: 1.


Internal statistics:

num_allocs_failed_limit: 6.
num_arena_births: 914.
num_arena_deaths: 28.
num_vsnodes_births: 2.
num_vsnodes_deaths: 0.
num_space_committed: 1100.
num_space_uncommitted: 0.
num_chunks_returned_to_freelist: 40.
num_chunks_taken_from_freelist: 3842.
num_chunk_merges: 19.
num_chunk_splits: 2306.
num_chunks_enlarged: 1300.
num_inconsistent_stats: 0.

CodeHeap 'non-profiled nmethods': size=120000Kb used=5620Kb max_used=5620Kb free=114379Kb
 bounds [0x000001f34e870000, 0x000001f34edf0000, 0x000001f355da0000]
CodeHeap 'profiled nmethods': size=120000Kb used=18820Kb max_used=18820Kb free=101179Kb
 bounds [0x000001f346da0000, 0x000001f348010000, 0x000001f34e2d0000]
CodeHeap 'non-nmethods': size=5760Kb used=1375Kb max_used=1428Kb free=4384Kb
 bounds [0x000001f34e2d0000, 0x000001f34e540000, 0x000001f34e870000]
 total_blobs=10229 nmethods=9522 adapters=620
 compilation: enabled
              stopped_count=0, restarted_count=0
 full_count=0

Compilation events (20 events):
Event: 14.781 Thread 0x000001f35d7f9040 11185       2       java.util.Collection::removeIf (51 bytes)
Event: 14.782 Thread 0x000001f35d7f9040 nmethod 11185 0x000001f347ffd690 code [0x000001f347ffd880, 0x000001f347ffdbf8]
Event: 14.784 Thread 0x000001f35d7f9040 11186       1       org.eclipse.m2e.core.embedder.MavenSettingsLocations::globalSettings (5 bytes)
Event: 14.784 Thread 0x000001f35d7f9040 nmethod 11186 0x000001f34ede8a90 code [0x000001f34ede8c20, 0x000001f34ede8cf8]
Event: 14.784 Thread 0x000001f35d7f9040 11187       1       org.eclipse.m2e.core.embedder.MavenSettingsLocations::userSettings (5 bytes)
Event: 14.784 Thread 0x000001f35d7f9040 nmethod 11187 0x000001f34ede8d90 code [0x000001f34ede8f20, 0x000001f34ede8ff8]
Event: 14.789 Thread 0x000001f35d7f9040 11188       1       org.apache.maven.settings.Settings::getLocalRepository (5 bytes)
Event: 14.789 Thread 0x000001f35d7f9040 nmethod 11188 0x000001f34ede9090 code [0x000001f34ede9220, 0x000001f34ede92f8]
Event: 14.795 Thread 0x000001f36a45fab0 nmethod 11075 0x000001f34ede9390 code [0x000001f34ede9720, 0x000001f34edeb608]
Event: 14.795 Thread 0x000001f36a45fab0 11076       4       org.eclipse.jdt.internal.compiler.parser.Scanner::scanIdentifier (480 bytes)
Event: 14.800 Thread 0x000001f36a45fab0 nmethod 11076 0x000001f34edec210 code [0x000001f34edec3c0, 0x000001f34edec6e8]
Event: 14.800 Thread 0x000001f36a45fab0 11009       4       org.eclipse.jdt.internal.core.search.indexing.AbstractIndexer::addTypeDeclaration (109 bytes)
Event: 14.801 Thread 0x000001f35d7f9040 11189   !   2       org.eclipse.m2e.core.internal.embedder.MavenImpl::lookup (103 bytes)
Event: 14.802 Thread 0x000001f35d7f9040 nmethod 11189 0x000001f347ffde10 code [0x000001f347ffe0c0, 0x000001f347ffe9d8]
Event: 14.802 Thread 0x000001f35d7f9040 11190   !   2       org.eclipse.m2e.core.internal.embedder.MavenImpl::getPlexusContainer (29 bytes)
Event: 14.802 Thread 0x000001f35d7f9040 nmethod 11190 0x000001f347fff110 code [0x000001f347fff2e0, 0x000001f347fff528]
Event: 14.806 Thread 0x000001f35d7f9040 11191       2       org.eclipse.m2e.core.internal.embedder.PlexusContainerManager$$Lambda$288/0x000000010041e880::test (8 bytes)
Event: 14.806 Thread 0x000001f35d7f9040 nmethod 11191 0x000001f347fff710 code [0x000001f347fff8c0, 0x000001f347fffa28]
Event: 14.806 Thread 0x000001f35d7f9040 11192       2       org.eclipse.m2e.core.internal.embedder.PlexusContainerManager::lambda$1 (41 bytes)
Event: 14.806 Thread 0x000001f35d7f9040 nmethod 11192 0x000001f347fffb10 code [0x000001f347fffd20, 0x000001f348000088]

GC Heap History (20 events):
Event: 10.372 GC heap before
{Heap before GC invocations=139 (full 8):
 PSYoungGen      total 40960K, used 40888K [0x00000000eab00000, 0x00000000ee400000, 0x0000000100000000)
  eden space 34304K, 100% used [0x00000000eab00000,0x00000000ecc80000,0x00000000ecc80000)
  from space 6656K, 98% used [0x00000000edd80000,0x00000000ee3ee2d0,0x00000000ee400000)
  to   space 10240K, 0% used [0x00000000ed000000,0x00000000ed000000,0x00000000eda00000)
 ParOldGen       total 302080K, used 236567K [0x00000000c0000000, 0x00000000d2700000, 0x00000000eab00000)
  object space 302080K, 78% used [0x00000000c0000000,0x00000000ce705e90,0x00000000d2700000)
 Metaspace       used 68244K, committed 69568K, reserved 1114112K
  class space    used 7134K, committed 7744K, reserved 1048576K
}
Event: 10.383 GC heap after
{Heap after GC invocations=139 (full 8):
 PSYoungGen      total 47616K, used 10236K [0x00000000eab00000, 0x00000000ef280000, 0x0000000100000000)
  eden space 37376K, 0% used [0x00000000eab00000,0x00000000eab00000,0x00000000ecf80000)
  from space 10240K, 99% used [0x00000000ed000000,0x00000000ed9ff1d0,0x00000000eda00000)
  to   space 17920K, 0% used [0x00000000ee100000,0x00000000ee100000,0x00000000ef280000)
 ParOldGen       total 302080K, used 242111K [0x00000000c0000000, 0x00000000d2700000, 0x00000000eab00000)
  object space 302080K, 80% used [0x00000000c0000000,0x00000000cec6fe10,0x00000000d2700000)
 Metaspace       used 68244K, committed 69568K, reserved 1114112K
  class space    used 7134K, committed 7744K, reserved 1048576K
}
Event: 10.457 GC heap before
{Heap before GC invocations=140 (full 8):
 PSYoungGen      total 47616K, used 47612K [0x00000000eab00000, 0x00000000ef280000, 0x0000000100000000)
  eden space 37376K, 100% used [0x00000000eab00000,0x00000000ecf80000,0x00000000ecf80000)
  from space 10240K, 99% used [0x00000000ed000000,0x00000000ed9ff1d0,0x00000000eda00000)
  to   space 17920K, 0% used [0x00000000ee100000,0x00000000ee100000,0x00000000ef280000)
 ParOldGen       total 302080K, used 242111K [0x00000000c0000000, 0x00000000d2700000, 0x00000000eab00000)
  object space 302080K, 80% used [0x00000000c0000000,0x00000000cec6fe10,0x00000000d2700000)
 Metaspace       used 68244K, committed 69568K, reserved 1114112K
  class space    used 7134K, committed 7744K, reserved 1048576K
}
Event: 10.474 GC heap after
{Heap after GC invocations=140 (full 8):
 PSYoungGen      total 55296K, used 12884K [0x00000000eab00000, 0x00000000eef00000, 0x0000000100000000)
  eden space 40960K, 0% used [0x00000000eab00000,0x00000000eab00000,0x00000000ed300000)
  from space 14336K, 89% used [0x00000000ee100000,0x00000000eed952a0,0x00000000eef00000)
  to   space 14336K, 0% used [0x00000000ed300000,0x00000000ed300000,0x00000000ee100000)
 ParOldGen       total 302080K, used 252025K [0x00000000c0000000, 0x00000000d2700000, 0x00000000eab00000)
  object space 302080K, 83% used [0x00000000c0000000,0x00000000cf61e758,0x00000000d2700000)
 Metaspace       used 68244K, committed 69568K, reserved 1114112K
  class space    used 7134K, committed 7744K, reserved 1048576K
}
Event: 10.684 GC heap before
{Heap before GC invocations=141 (full 8):
 PSYoungGen      total 55296K, used 53844K [0x00000000eab00000, 0x00000000eef00000, 0x0000000100000000)
  eden space 40960K, 100% used [0x00000000eab00000,0x00000000ed300000,0x00000000ed300000)
  from space 14336K, 89% used [0x00000000ee100000,0x00000000eed952a0,0x00000000eef00000)
  to   space 14336K, 0% used [0x00000000ed300000,0x00000000ed300000,0x00000000ee100000)
 ParOldGen       total 302080K, used 252025K [0x00000000c0000000, 0x00000000d2700000, 0x00000000eab00000)
  object space 302080K, 83% used [0x00000000c0000000,0x00000000cf61e758,0x00000000d2700000)
 Metaspace       used 68257K, committed 69568K, reserved 1114112K
  class space    used 7134K, committed 7744K, reserved 1048576K
}
Event: 10.695 GC heap after
{Heap after GC invocations=141 (full 8):
 PSYoungGen      total 55296K, used 14332K [0x00000000eab00000, 0x00000000f1380000, 0x0000000100000000)
  eden space 40960K, 0% used [0x00000000eab00000,0x00000000eab00000,0x00000000ed300000)
  from space 14336K, 99% used [0x00000000ed300000,0x00000000ee0ff178,0x00000000ee100000)
  to   space 31232K, 0% used [0x00000000ef500000,0x00000000ef500000,0x00000000f1380000)
 ParOldGen       total 302080K, used 266167K [0x00000000c0000000, 0x00000000d2700000, 0x00000000eab00000)
  object space 302080K, 88% used [0x00000000c0000000,0x00000000d03eded8,0x00000000d2700000)
 Metaspace       used 68257K, committed 69568K, reserved 1114112K
  class space    used 7134K, committed 7744K, reserved 1048576K
}
Event: 11.363 GC heap before
{Heap before GC invocations=142 (full 8):
 PSYoungGen      total 55296K, used 55292K [0x00000000eab00000, 0x00000000f1380000, 0x0000000100000000)
  eden space 40960K, 100% used [0x00000000eab00000,0x00000000ed300000,0x00000000ed300000)
  from space 14336K, 99% used [0x00000000ed300000,0x00000000ee0ff178,0x00000000ee100000)
  to   space 31232K, 0% used [0x00000000ef500000,0x00000000ef500000,0x00000000f1380000)
 ParOldGen       total 302080K, used 266167K [0x00000000c0000000, 0x00000000d2700000, 0x00000000eab00000)
  object space 302080K, 88% used [0x00000000c0000000,0x00000000d03eded8,0x00000000d2700000)
 Metaspace       used 68313K, committed 69632K, reserved 1114112K
  class space    used 7135K, committed 7744K, reserved 1048576K
}
Event: 11.418 GC heap after
{Heap after GC invocations=142 (full 8):
 PSYoungGen      total 73728K, used 28855K [0x00000000eab00000, 0x00000000f1180000, 0x0000000100000000)
  eden space 44544K, 0% used [0x00000000eab00000,0x00000000eab00000,0x00000000ed680000)
  from space 29184K, 98% used [0x00000000ef500000,0x00000000f112df48,0x00000000f1180000)
  to   space 29696K, 0% used [0x00000000ed780000,0x00000000ed780000,0x00000000ef480000)
 ParOldGen       total 302080K, used 280318K [0x00000000c0000000, 0x00000000d2700000, 0x00000000eab00000)
  object space 302080K, 92% used [0x00000000c0000000,0x00000000d11bf978,0x00000000d2700000)
 Metaspace       used 68313K, committed 69632K, reserved 1114112K
  class space    used 7135K, committed 7744K, reserved 1048576K
}
Event: 12.688 GC heap before
{Heap before GC invocations=143 (full 8):
 PSYoungGen      total 73728K, used 73399K [0x00000000eab00000, 0x00000000f1180000, 0x0000000100000000)
  eden space 44544K, 100% used [0x00000000eab00000,0x00000000ed680000,0x00000000ed680000)
  from space 29184K, 98% used [0x00000000ef500000,0x00000000f112df48,0x00000000f1180000)
  to   space 29696K, 0% used [0x00000000ed780000,0x00000000ed780000,0x00000000ef480000)
 ParOldGen       total 302080K, used 280318K [0x00000000c0000000, 0x00000000d2700000, 0x00000000eab00000)
  object space 302080K, 92% used [0x00000000c0000000,0x00000000d11bf978,0x00000000d2700000)
 Metaspace       used 68360K, committed 69632K, reserved 1114112K
  class space    used 7138K, committed 7744K, reserved 1048576K
}
Event: 12.727 GC heap after
{Heap after GC invocations=143 (full 8):
 PSYoungGen      total 75264K, used 29664K [0x00000000eab00000, 0x00000000f2a00000, 0x0000000100000000)
  eden space 45568K, 0% used [0x00000000eab00000,0x00000000eab00000,0x00000000ed780000)
  from space 29696K, 99% used [0x00000000ed780000,0x00000000ef4782c0,0x00000000ef480000)
  to   space 40960K, 0% used [0x00000000f0200000,0x00000000f0200000,0x00000000f2a00000)
 ParOldGen       total 302080K, used 289610K [0x00000000c0000000, 0x00000000d2700000, 0x00000000eab00000)
  object space 302080K, 95% used [0x00000000c0000000,0x00000000d1ad29c8,0x00000000d2700000)
 Metaspace       used 68360K, committed 69632K, reserved 1114112K
  class space    used 7138K, committed 7744K, reserved 1048576K
}
Event: 13.001 GC heap before
{Heap before GC invocations=144 (full 8):
 PSYoungGen      total 75264K, used 75232K [0x00000000eab00000, 0x00000000f2a00000, 0x0000000100000000)
  eden space 45568K, 100% used [0x00000000eab00000,0x00000000ed780000,0x00000000ed780000)
  from space 29696K, 99% used [0x00000000ed780000,0x00000000ef4782c0,0x00000000ef480000)
  to   space 40960K, 0% used [0x00000000f0200000,0x00000000f0200000,0x00000000f2a00000)
 ParOldGen       total 302080K, used 289610K [0x00000000c0000000, 0x00000000d2700000, 0x00000000eab00000)
  object space 302080K, 95% used [0x00000000c0000000,0x00000000d1ad29c8,0x00000000d2700000)
 Metaspace       used 68362K, committed 69696K, reserved 1114112K
  class space    used 7138K, committed 7744K, reserved 1048576K
}
Event: 13.024 GC heap after
{Heap after GC invocations=144 (full 8):
 PSYoungGen      total 52224K, used 3044K [0x00000000eab00000, 0x00000000f0500000, 0x0000000100000000)
  eden space 49152K, 0% used [0x00000000eab00000,0x00000000eab00000,0x00000000edb00000)
  from space 3072K, 99% used [0x00000000f0200000,0x00000000f04f9040,0x00000000f0500000)
  to   space 16384K, 0% used [0x00000000ee500000,0x00000000ee500000,0x00000000ef500000)
 ParOldGen       total 316928K, used 316585K [0x00000000c0000000, 0x00000000d3580000, 0x00000000eab00000)
  object space 316928K, 99% used [0x00000000c0000000,0x00000000d352a5a8,0x00000000d3580000)
 Metaspace       used 68362K, committed 69696K, reserved 1114112K
  class space    used 7138K, committed 7744K, reserved 1048576K
}
Event: 13.507 GC heap before
{Heap before GC invocations=145 (full 9):
 PSYoungGen      total 52224K, used 52196K [0x00000000eab00000, 0x00000000f0500000, 0x0000000100000000)
  eden space 49152K, 100% used [0x00000000eab00000,0x00000000edb00000,0x00000000edb00000)
  from space 3072K, 99% used [0x00000000f0200000,0x00000000f04f9040,0x00000000f0500000)
  to   space 16384K, 0% used [0x00000000ee500000,0x00000000ee500000,0x00000000ef500000)
 ParOldGen       total 316928K, used 316585K [0x00000000c0000000, 0x00000000d3580000, 0x00000000eab00000)
  object space 316928K, 99% used [0x00000000c0000000,0x00000000d352a5a8,0x00000000d3580000)
 Metaspace       used 68370K, committed 69696K, reserved 1114112K
  class space    used 7138K, committed 7744K, reserved 1048576K
}
Event: 13.708 GC heap after
{Heap after GC invocations=145 (full 9):
 PSYoungGen      total 48640K, used 0K [0x00000000eab00000, 0x00000000f0280000, 0x0000000100000000)
  eden space 48128K, 0% used [0x00000000eab00000,0x00000000eab00000,0x00000000eda00000)
  from space 512K, 0% used [0x00000000ee500000,0x00000000ee500000,0x00000000ee580000)
  to   space 16384K, 0% used [0x00000000ef280000,0x00000000ef280000,0x00000000f0280000)
 ParOldGen       total 256512K, used 164933K [0x00000000c0000000, 0x00000000cfa80000, 0x00000000eab00000)
  object space 256512K, 64% used [0x00000000c0000000,0x00000000ca1115f8,0x00000000cfa80000)
 Metaspace       used 68370K, committed 69696K, reserved 1114112K
  class space    used 7138K, committed 7744K, reserved 1048576K
}
Event: 13.996 GC heap before
{Heap before GC invocations=146 (full 9):
 PSYoungGen      total 48640K, used 48128K [0x00000000eab00000, 0x00000000f0280000, 0x0000000100000000)
  eden space 48128K, 100% used [0x00000000eab00000,0x00000000eda00000,0x00000000eda00000)
  from space 512K, 0% used [0x00000000ee500000,0x00000000ee500000,0x00000000ee580000)
  to   space 16384K, 0% used [0x00000000ef280000,0x00000000ef280000,0x00000000f0280000)
 ParOldGen       total 256512K, used 164933K [0x00000000c0000000, 0x00000000cfa80000, 0x00000000eab00000)
  object space 256512K, 64% used [0x00000000c0000000,0x00000000ca1115f8,0x00000000cfa80000)
 Metaspace       used 68374K, committed 69696K, reserved 1114112K
  class space    used 7138K, committed 7744K, reserved 1048576K
}
Event: 14.000 GC heap after
{Heap after GC invocations=146 (full 9):
 PSYoungGen      total 49152K, used 1660K [0x00000000eab00000, 0x00000000ef480000, 0x0000000100000000)
  eden space 47104K, 0% used [0x00000000eab00000,0x00000000eab00000,0x00000000ed900000)
  from space 2048K, 81% used [0x00000000ef280000,0x00000000ef41f3e0,0x00000000ef480000)
  to   space 4608K, 0% used [0x00000000eeb80000,0x00000000eeb80000,0x00000000ef000000)
 ParOldGen       total 256512K, used 164941K [0x00000000c0000000, 0x00000000cfa80000, 0x00000000eab00000)
  object space 256512K, 64% used [0x00000000c0000000,0x00000000ca1135f8,0x00000000cfa80000)
 Metaspace       used 68374K, committed 69696K, reserved 1114112K
  class space    used 7138K, committed 7744K, reserved 1048576K
}
Event: 14.287 GC heap before
{Heap before GC invocations=147 (full 9):
 PSYoungGen      total 49152K, used 48764K [0x00000000eab00000, 0x00000000ef480000, 0x0000000100000000)
  eden space 47104K, 100% used [0x00000000eab00000,0x00000000ed900000,0x00000000ed900000)
  from space 2048K, 81% used [0x00000000ef280000,0x00000000ef41f3e0,0x00000000ef480000)
  to   space 4608K, 0% used [0x00000000eeb80000,0x00000000eeb80000,0x00000000ef000000)
 ParOldGen       total 256512K, used 164941K [0x00000000c0000000, 0x00000000cfa80000, 0x00000000eab00000)
  object space 256512K, 64% used [0x00000000c0000000,0x00000000ca1135f8,0x00000000cfa80000)
 Metaspace       used 68377K, committed 69696K, reserved 1114112K
  class space    used 7138K, committed 7744K, reserved 1048576K
}
Event: 14.289 GC heap after
{Heap after GC invocations=147 (full 9):
 PSYoungGen      total 51200K, used 2204K [0x00000000eab00000, 0x00000000ef300000, 0x0000000100000000)
  eden space 46592K, 0% used [0x00000000eab00000,0x00000000eab00000,0x00000000ed880000)
  from space 4608K, 47% used [0x00000000eeb80000,0x00000000eeda72b8,0x00000000ef000000)
  to   space 2560K, 0% used [0x00000000ef080000,0x00000000ef080000,0x00000000ef300000)
 ParOldGen       total 256512K, used 164941K [0x00000000c0000000, 0x00000000cfa80000, 0x00000000eab00000)
  object space 256512K, 64% used [0x00000000c0000000,0x00000000ca1135f8,0x00000000cfa80000)
 Metaspace       used 68377K, committed 69696K, reserved 1114112K
  class space    used 7138K, committed 7744K, reserved 1048576K
}
Event: 14.597 GC heap before
{Heap before GC invocations=148 (full 9):
 PSYoungGen      total 51200K, used 48796K [0x00000000eab00000, 0x00000000ef300000, 0x0000000100000000)
  eden space 46592K, 100% used [0x00000000eab00000,0x00000000ed880000,0x00000000ed880000)
  from space 4608K, 47% used [0x00000000eeb80000,0x00000000eeda72b8,0x00000000ef000000)
  to   space 2560K, 0% used [0x00000000ef080000,0x00000000ef080000,0x00000000ef300000)
 ParOldGen       total 256512K, used 164941K [0x00000000c0000000, 0x00000000cfa80000, 0x00000000eab00000)
  object space 256512K, 64% used [0x00000000c0000000,0x00000000ca1135f8,0x00000000cfa80000)
 Metaspace       used 69033K, committed 70400K, reserved 1114112K
  class space    used 7207K, committed 7808K, reserved 1048576K
}
Event: 14.602 GC heap after
{Heap after GC invocations=148 (full 9):
 PSYoungGen      total 48640K, used 2556K [0x00000000eab00000, 0x00000000ef300000, 0x0000000100000000)
  eden space 46080K, 0% used [0x00000000eab00000,0x00000000eab00000,0x00000000ed800000)
  from space 2560K, 99% used [0x00000000ef080000,0x00000000ef2ff2b8,0x00000000ef300000)
  to   space 7168K, 0% used [0x00000000ee500000,0x00000000ee500000,0x00000000eec00000)
 ParOldGen       total 256512K, used 168593K [0x00000000c0000000, 0x00000000cfa80000, 0x00000000eab00000)
  object space 256512K, 65% used [0x00000000c0000000,0x00000000ca4a4600,0x00000000cfa80000)
 Metaspace       used 69033K, committed 70400K, reserved 1114112K
  class space    used 7207K, committed 7808K, reserved 1048576K
}

Dll operation events (10 events):
Event: 0.006 Loaded shared library c:\Users\yesen binuwara\.vscode\extensions\redhat.java-1.36.0-win32-x64\jre\17.0.13-win32-x86_64\bin\java.dll
Event: 0.145 Loaded shared library c:\Users\yesen binuwara\.vscode\extensions\redhat.java-1.36.0-win32-x64\jre\17.0.13-win32-x86_64\bin\zip.dll
Event: 0.151 Loaded shared library C:\Users\yesen binuwara\.vscode\extensions\redhat.java-1.36.0-win32-x64\jre\17.0.13-win32-x86_64\bin\instrument.dll
Event: 0.172 Loaded shared library C:\Users\yesen binuwara\.vscode\extensions\redhat.java-1.36.0-win32-x64\jre\17.0.13-win32-x86_64\bin\net.dll
Event: 0.174 Loaded shared library C:\Users\yesen binuwara\.vscode\extensions\redhat.java-1.36.0-win32-x64\jre\17.0.13-win32-x86_64\bin\nio.dll
Event: 0.181 Loaded shared library C:\Users\yesen binuwara\.vscode\extensions\redhat.java-1.36.0-win32-x64\jre\17.0.13-win32-x86_64\bin\zip.dll
Event: 0.200 Loaded shared library C:\Users\yesen binuwara\.vscode\extensions\redhat.java-1.36.0-win32-x64\jre\17.0.13-win32-x86_64\bin\jimage.dll
Event: 0.256 Loaded shared library c:\Users\yesen binuwara\.vscode\extensions\redhat.java-1.36.0-win32-x64\jre\17.0.13-win32-x86_64\bin\verify.dll
Event: 1.046 Loaded shared library C:\Users\yesen binuwara\AppData\Roaming\Code\User\globalStorage\redhat.java\1.36.0\config_win\org.eclipse.equinox.launcher\org.eclipse.equinox.launcher.win32.win32.x86_64_1.2.1100.v20240722-2106\eclipse_11904.dll
Event: 2.633 Loaded shared library C:\Users\yesen binuwara\AppData\Local\Temp\jna--945223657\jna8061040047894785559.dll

Deoptimization events (20 events):
Event: 14.656 Thread 0x000001f35fb661f0 DEOPT PACKING pc=0x000001f3478afb4b sp=0x00000086806fee10
Event: 14.656 Thread 0x000001f35fb661f0 DEOPT UNPACKING pc=0x000001f34e32a9e3 sp=0x00000086806fe2a8 mode 0
Event: 14.662 Thread 0x000001f35fb661f0 DEOPT PACKING pc=0x000001f347fe475b sp=0x00000086806fecf0
Event: 14.662 Thread 0x000001f35fb661f0 DEOPT UNPACKING pc=0x000001f34e32a9e3 sp=0x00000086806fe228 mode 0
Event: 14.684 Thread 0x000001f35fb661f0 DEOPT PACKING pc=0x000001f347fe475b sp=0x00000086806fecf0
Event: 14.684 Thread 0x000001f35fb661f0 DEOPT UNPACKING pc=0x000001f34e32a9e3 sp=0x00000086806fe228 mode 0
Event: 14.689 Thread 0x000001f35fb661f0 DEOPT PACKING pc=0x000001f347fb1395 sp=0x00000086806fee60
Event: 14.689 Thread 0x000001f35fb661f0 DEOPT UNPACKING pc=0x000001f34e32a9e3 sp=0x00000086806fe3e8 mode 0
Event: 14.701 Thread 0x000001f35fb66c10 Uncommon trap: trap_request=0xffffff45 fr.pc=0x000001f34e93c218 relative=0x0000000000000178
Event: 14.701 Thread 0x000001f35fb66c10 Uncommon trap: reason=unstable_if action=reinterpret pc=0x000001f34e93c218 method=java.util.zip.ZipFile$Source.isMetaName([BII)Z @ 57 c2
Event: 14.701 Thread 0x000001f35fb66c10 DEOPT PACKING pc=0x000001f34e93c218 sp=0x00000086804fdaa0
Event: 14.701 Thread 0x000001f35fb66c10 DEOPT UNPACKING pc=0x000001f34e329ea3 sp=0x00000086804fda30 mode 2
Event: 14.714 Thread 0x000001f35fb661f0 DEOPT PACKING pc=0x000001f347fe475b sp=0x00000086806fecf0
Event: 14.714 Thread 0x000001f35fb661f0 DEOPT UNPACKING pc=0x000001f34e32a9e3 sp=0x00000086806fe228 mode 0
Event: 14.722 Thread 0x000001f35fb661f0 DEOPT PACKING pc=0x000001f347fb1395 sp=0x00000086806fee60
Event: 14.722 Thread 0x000001f35fb661f0 DEOPT UNPACKING pc=0x000001f34e32a9e3 sp=0x00000086806fe3e8 mode 0
Event: 14.765 Thread 0x000001f35fb661f0 DEOPT PACKING pc=0x000001f347a5f8ae sp=0x00000086806fef70
Event: 14.765 Thread 0x000001f35fb661f0 DEOPT UNPACKING pc=0x000001f34e32a9e3 sp=0x00000086806fe4b0 mode 0
Event: 14.787 Thread 0x000001f35fb66c10 DEOPT PACKING pc=0x000001f347fe475b sp=0x00000086804fdd40
Event: 14.787 Thread 0x000001f35fb66c10 DEOPT UNPACKING pc=0x000001f34e32a9e3 sp=0x00000086804fd278 mode 0

Classes loaded (20 events):
Event: 10.161 Loading class java/util/Collections$SynchronizedRandomAccessList
Event: 10.162 Loading class java/util/Collections$SynchronizedList
Event: 10.162 Loading class java/util/Collections$SynchronizedList done
Event: 10.162 Loading class java/util/Collections$SynchronizedRandomAccessList done
Event: 10.168 Loading class java/util/concurrent/CompletableFuture$Signaller
Event: 10.169 Loading class java/util/concurrent/CompletableFuture$Signaller done
Event: 12.435 Loading class sun/nio/fs/WindowsFileCopy
Event: 12.437 Loading class sun/nio/fs/WindowsFileCopy done
Event: 14.412 Loading class java/util/Hashtable$KeySet
Event: 14.413 Loading class java/util/Hashtable$KeySet done
Event: 14.430 Loading class java/util/concurrent/CompletableFuture$UniApply
Event: 14.430 Loading class java/util/concurrent/CompletableFuture$UniApply done
Event: 14.430 Loading class java/util/concurrent/ForkJoinPool$DefaultCommonPoolForkJoinWorkerThreadFactory$1
Event: 14.430 Loading class java/util/concurrent/ForkJoinPool$DefaultCommonPoolForkJoinWorkerThreadFactory$1 done
Event: 14.431 Loading class java/util/concurrent/CompletableFuture$UniExceptionally
Event: 14.432 Loading class java/util/concurrent/CompletableFuture$UniExceptionally done
Event: 14.457 Loading class java/util/HashMap$ValueSpliterator
Event: 14.457 Loading class java/util/HashMap$ValueSpliterator done
Event: 14.631 Loading class java/lang/invoke/MethodHandleImpl$CountingWrapper$1
Event: 14.631 Loading class java/lang/invoke/MethodHandleImpl$CountingWrapper$1 done

Classes unloaded (14 events):
Event: 3.589 Thread 0x000001f35d7c14b0 Unloading class 0x0000000100253000 'java/lang/invoke/LambdaForm$MH+0x0000000100253000'
Event: 3.589 Thread 0x000001f35d7c14b0 Unloading class 0x0000000100252c00 'java/lang/invoke/LambdaForm$MH+0x0000000100252c00'
Event: 3.589 Thread 0x000001f35d7c14b0 Unloading class 0x0000000100252800 'java/lang/invoke/LambdaForm$MH+0x0000000100252800'
Event: 3.589 Thread 0x000001f35d7c14b0 Unloading class 0x0000000100252400 'java/lang/invoke/LambdaForm$MH+0x0000000100252400'
Event: 3.589 Thread 0x000001f35d7c14b0 Unloading class 0x0000000100252000 'java/lang/invoke/LambdaForm$BMH+0x0000000100252000'
Event: 3.589 Thread 0x000001f35d7c14b0 Unloading class 0x0000000100251c00 'java/lang/invoke/LambdaForm$DMH+0x0000000100251c00'
Event: 3.589 Thread 0x000001f35d7c14b0 Unloading class 0x000000010024c400 'java/lang/invoke/LambdaForm$DMH+0x000000010024c400'
Event: 9.890 Thread 0x000001f35d7c14b0 Unloading class 0x0000000100728c00 'java/lang/invoke/LambdaForm$MH+0x0000000100728c00'
Event: 9.890 Thread 0x000001f35d7c14b0 Unloading class 0x0000000100728800 'java/lang/invoke/LambdaForm$MH+0x0000000100728800'
Event: 9.890 Thread 0x000001f35d7c14b0 Unloading class 0x0000000100728400 'java/lang/invoke/LambdaForm$MH+0x0000000100728400'
Event: 9.890 Thread 0x000001f35d7c14b0 Unloading class 0x0000000100721400 'java/lang/invoke/LambdaForm$DMH+0x0000000100721400'
Event: 9.890 Thread 0x000001f35d7c14b0 Unloading class 0x0000000100721800 'java/lang/invoke/LambdaForm$DMH+0x0000000100721800'
Event: 9.890 Thread 0x000001f35d7c14b0 Unloading class 0x0000000100721000 'java/lang/invoke/LambdaForm$DMH+0x0000000100721000'
Event: 9.890 Thread 0x000001f35d7c14b0 Unloading class 0x0000000100721c00 'java/lang/invoke/LambdaForm$DMH+0x0000000100721c00'

Classes redefined (0 events):
No events

Internal exceptions (20 events):
Event: 13.855 Thread 0x000001f35fb661f0 Exception <a 'sun/nio/fs/WindowsException'{0x00000000ec413218}> (0x00000000ec413218) 
thrown [s\src\hotspot\share\prims\jni.cpp, line 516]
Event: 13.922 Thread 0x000001f35fb661f0 Exception <a 'sun/nio/fs/WindowsException'{0x00000000ecf598a0}> (0x00000000ecf598a0) 
thrown [s\src\hotspot\share\prims\jni.cpp, line 516]
Event: 13.936 Thread 0x000001f35fb661f0 Exception <a 'sun/nio/fs/WindowsException'{0x00000000ecf753e8}> (0x00000000ecf753e8) 
thrown [s\src\hotspot\share\prims\jni.cpp, line 516]
Event: 13.947 Thread 0x000001f35fb661f0 Exception <a 'sun/nio/fs/WindowsException'{0x00000000ecfe2280}> (0x00000000ecfe2280) 
thrown [s\src\hotspot\share\prims\jni.cpp, line 516]
Event: 13.989 Thread 0x000001f35fb661f0 Exception <a 'sun/nio/fs/WindowsException'{0x00000000ed8fc7d0}> (0x00000000ed8fc7d0) 
thrown [s\src\hotspot\share\prims\jni.cpp, line 516]
Event: 14.136 Thread 0x000001f35fb661f0 Exception <a 'sun/nio/fs/WindowsException'{0x00000000ec317018}> (0x00000000ec317018) 
thrown [s\src\hotspot\share\prims\jni.cpp, line 516]
Event: 14.273 Thread 0x000001f35fb661f0 Exception <a 'sun/nio/fs/WindowsException'{0x00000000ed819340}> (0x00000000ed819340) 
thrown [s\src\hotspot\share\prims\jni.cpp, line 516]
Event: 14.300 Thread 0x000001f35fb661f0 Implicit null exception at 0x000001f34eccbeb5 to 0x000001f34eccca5d
Event: 14.430 Thread 0x000001f35fb66c10 Exception <a 'sun/nio/fs/WindowsException'{0x00000000ec82ebc0}> (0x00000000ec82ebc0) 
thrown [s\src\hotspot\share\prims\jni.cpp, line 516]
Event: 14.431 Thread 0x000001f35fb66c10 Exception <a 'sun/nio/fs/WindowsException'{0x00000000ec82f1f8}> (0x00000000ec82f1f8) 
thrown [s\src\hotspot\share\prims\jni.cpp, line 516]
Event: 14.432 Thread 0x000001f35fb66c10 Exception <a 'sun/nio/fs/WindowsException'{0x00000000ec830008}> (0x00000000ec830008) 
thrown [s\src\hotspot\share\prims\jni.cpp, line 516]
Event: 14.432 Thread 0x000001f35fb66c10 Exception <a 'sun/nio/fs/WindowsException'{0x00000000ec830640}> (0x00000000ec830640) 
thrown [s\src\hotspot\share\prims\jni.cpp, line 516]
Event: 14.436 Thread 0x000001f35fb66c10 Exception <a 'java/io/FileNotFoundException'{0x00000000ec86af38}> (0x00000000ec86af38) 
thrown [s\src\hotspot\share\prims\jni.cpp, line 516]
Event: 14.437 Thread 0x000001f35fb66c10 Exception <a 'java/io/FileNotFoundException'{0x00000000ec86bcf0}> (0x00000000ec86bcf0) 
thrown [s\src\hotspot\share\prims\jni.cpp, line 516]
Event: 14.458 Thread 0x000001f35fb66c10 Exception <a 'sun/nio/fs/WindowsException'{0x00000000ec9b1f78}> (0x00000000ec9b1f78) 
thrown [s\src\hotspot\share\prims\jni.cpp, line 516]
Event: 14.466 Thread 0x000001f35fb66c10 Exception <a 'sun/nio/fs/WindowsException'{0x00000000ec9b25b0}> (0x00000000ec9b25b0) 
thrown [s\src\hotspot\share\prims\jni.cpp, line 516]
Event: 14.505 Thread 0x000001f35fb66c10 Exception <a 'sun/nio/fs/WindowsException'{0x00000000ecb8e120}> (0x00000000ecb8e120) 
thrown [s\src\hotspot\share\prims\jni.cpp, line 516]
Event: 14.505 Thread 0x000001f35fb66c10 Exception <a 'sun/nio/fs/WindowsException'{0x00000000ecb8ea00}> (0x00000000ecb8ea00) 
thrown [s\src\hotspot\share\prims\jni.cpp, line 516]
Event: 14.515 Thread 0x000001f36018f1b0 Implicit null exception at 0x000001f34e9a00d2 to 0x000001f34e9a14cc
Event: 14.526 Thread 0x000001f35fb66c10 Exception <a 'java/lang/NoSuchMethodError'{0x00000000ecc36540}: 'void java.lang.invoke.DirectMethodHandle$Holder.invokeSpecial(java.lang.Object, java.lang.Object, java.lang.Object, java.lang.Object, java.lang.Object)'> (0x00000000ecc36540) 
thrown [s\src\hotspot\share\interpreter\linkResolver.cpp, line 759]

VM Operations (20 events):
Event: 11.891 Executing VM operation: HandshakeAllThreads
Event: 11.892 Executing VM operation: HandshakeAllThreads done
Event: 12.480 Executing VM operation: HandshakeAllThreads
Event: 12.480 Executing VM operation: HandshakeAllThreads done
Event: 12.480 Executing VM operation: Cleanup
Event: 12.480 Executing VM operation: Cleanup done
Event: 12.481 Executing VM operation: HandshakeAllThreads
Event: 12.481 Executing VM operation: HandshakeAllThreads done
Event: 12.688 Executing VM operation: ParallelGCFailedAllocation
Event: 12.727 Executing VM operation: ParallelGCFailedAllocation done
Event: 13.001 Executing VM operation: ParallelGCFailedAllocation
Event: 13.024 Executing VM operation: ParallelGCFailedAllocation done
Event: 13.507 Executing VM operation: ParallelGCFailedAllocation
Event: 13.708 Executing VM operation: ParallelGCFailedAllocation done
Event: 13.996 Executing VM operation: ParallelGCFailedAllocation
Event: 14.000 Executing VM operation: ParallelGCFailedAllocation done
Event: 14.287 Executing VM operation: ParallelGCFailedAllocation
Event: 14.289 Executing VM operation: ParallelGCFailedAllocation done
Event: 14.597 Executing VM operation: ParallelGCFailedAllocation
Event: 14.602 Executing VM operation: ParallelGCFailedAllocation done

Memory protections (0 events):
No events

Nmethod flushes (20 events):
Event: 8.700 Thread 0x000001f35d7fa130 flushing  nmethod 0x000001f347e7fc10
Event: 8.700 Thread 0x000001f35d7fa130 flushing  nmethod 0x000001f347e80390
Event: 8.700 Thread 0x000001f35d7fa130 flushing  nmethod 0x000001f347e81810
Event: 8.700 Thread 0x000001f35d7fa130 flushing  nmethod 0x000001f347e84f90
Event: 8.700 Thread 0x000001f35d7fa130 flushing  nmethod 0x000001f347e85610
Event: 8.700 Thread 0x000001f35d7fa130 flushing  nmethod 0x000001f347e89c90
Event: 8.700 Thread 0x000001f35d7fa130 flushing  nmethod 0x000001f347e8a510
Event: 8.701 Thread 0x000001f35d7fa130 flushing  nmethod 0x000001f347ea5490
Event: 8.701 Thread 0x000001f35d7fa130 flushing  nmethod 0x000001f347ea5c90
Event: 8.701 Thread 0x000001f35d7fa130 flushing  nmethod 0x000001f347ea7010
Event: 8.701 Thread 0x000001f35d7fa130 flushing  nmethod 0x000001f347ea8010
Event: 8.701 Thread 0x000001f35d7fa130 flushing  nmethod 0x000001f347ea9510
Event: 8.701 Thread 0x000001f35d7fa130 flushing  nmethod 0x000001f347ea9e10
Event: 8.701 Thread 0x000001f35d7fa130 flushing  nmethod 0x000001f347eade10
Event: 8.701 Thread 0x000001f35d7fa130 flushing  nmethod 0x000001f347eaf710
Event: 8.701 Thread 0x000001f35d7fa130 flushing  nmethod 0x000001f347eb1a90
Event: 8.701 Thread 0x000001f35d7fa130 flushing  nmethod 0x000001f347eb3310
Event: 8.701 Thread 0x000001f35d7fa130 flushing  nmethod 0x000001f347eb3990
Event: 8.701 Thread 0x000001f35d7fa130 flushing  nmethod 0x000001f347eb5390
Event: 11.899 Thread 0x000001f35d7fa130 flushing  nmethod 0x000001f347171a10

Events (20 events):
Event: 9.157 Thread 0x000001f360192960 Thread exited: 0x000001f360192960
Event: 9.157 Thread 0x000001f36018fbd0 Thread exited: 0x000001f36018fbd0
Event: 9.157 Thread 0x000001f3601905f0 Thread exited: 0x000001f3601905f0
Event: 9.509 Thread 0x000001f36080b310 Thread added: 0x000001f360190b00
Event: 9.509 Thread 0x000001f36080b310 Thread added: 0x000001f360193380
Event: 9.509 Thread 0x000001f36080b310 Thread added: 0x000001f360191520
Event: 9.510 Thread 0x000001f36080b310 Thread added: 0x000001f360193da0
Event: 9.510 Thread 0x000001f36080b310 Thread added: 0x000001f360192960
Event: 9.539 Thread 0x000001f360190b00 Thread exited: 0x000001f360190b00
Event: 9.539 Thread 0x000001f360191520 Thread exited: 0x000001f360191520
Event: 9.540 Thread 0x000001f360193da0 Thread exited: 0x000001f360193da0
Event: 9.540 Thread 0x000001f360193380 Thread exited: 0x000001f360193380
Event: 9.540 Thread 0x000001f360192960 Thread exited: 0x000001f360192960
Event: 11.672 Thread 0x000001f35da9deb0 Thread exited: 0x000001f35da9deb0
Event: 14.120 Thread 0x000001f35d7f9040 Thread added: 0x000001f36a45fab0
Event: 14.431 Thread 0x000001f36080a3e0 Thread added: 0x000001f360192e70
Event: 14.457 Thread 0x000001f360192e70 Thread added: 0x000001f360191a30
Event: 14.465 Thread 0x000001f360191a30 Thread added: 0x000001f36018f1b0
Event: 14.466 Thread 0x000001f36018f1b0 Thread added: 0x000001f3601951e0
Event: 14.486 Thread 0x000001f35fb66c10 Thread added: 0x000001f36018e280


Dynamic libraries:
0x00007ff655d80000 - 0x00007ff655d8e000 	c:\Users\yesen binuwara\.vscode\extensions\redhat.java-1.36.0-win32-x64\jre\17.0.13-win32-x86_64\bin\java.exe
0x00007ffd4ec50000 - 0x00007ffd4ee67000 	C:\WINDOWS\SYSTEM32\ntdll.dll
0x00007ffd4ce20000 - 0x00007ffd4cee4000 	C:\WINDOWS\System32\KERNEL32.DLL
0x00007ffd4c1f0000 - 0x00007ffd4c5a9000 	C:\WINDOWS\System32\KERNELBASE.dll
0x00007ffd4bf20000 - 0x00007ffd4c031000 	C:\WINDOWS\System32\ucrtbase.dll
0x00007ffd34960000 - 0x00007ffd34977000 	c:\Users\yesen binuwara\.vscode\extensions\redhat.java-1.36.0-win32-x64\jre\17.0.13-win32-x86_64\bin\jli.dll
0x00007ffd313a0000 - 0x00007ffd313be000 	c:\Users\yesen binuwara\.vscode\extensions\redhat.java-1.36.0-win32-x64\jre\17.0.13-win32-x86_64\bin\VCRUNTIME140.dll
0x00007ffd4cb90000 - 0x00007ffd4cd3e000 	C:\WINDOWS\System32\USER32.dll
0x00007ffd4c5e0000 - 0x00007ffd4c606000 	C:\WINDOWS\System32\win32u.dll
0x00007ffd2e870000 - 0x00007ffd2eb02000 	C:\WINDOWS\WinSxS\amd64_microsoft.windows.common-controls_6595b64144ccf1df_6.0.22621.4391_none_2715d37f73803e96\COMCTL32.dll
0x00007ffd4cd40000 - 0x00007ffd4cd69000 	C:\WINDOWS\System32\GDI32.dll
0x00007ffd4c940000 - 0x00007ffd4c9e7000 	C:\WINDOWS\System32\msvcrt.dll
0x00007ffd4c820000 - 0x00007ffd4c93b000 	C:\WINDOWS\System32\gdi32full.dll
0x00007ffd4c780000 - 0x00007ffd4c81a000 	C:\WINDOWS\System32\msvcp_win.dll
0x00007ffd4cde0000 - 0x00007ffd4ce11000 	C:\WINDOWS\System32\IMM32.DLL
0x00007ffd3b140000 - 0x00007ffd3b14c000 	c:\Users\yesen binuwara\.vscode\extensions\redhat.java-1.36.0-win32-x64\jre\17.0.13-win32-x86_64\bin\vcruntime140_1.dll
0x00007ffd303d0000 - 0x00007ffd3045d000 	c:\Users\yesen binuwara\.vscode\extensions\redhat.java-1.36.0-win32-x64\jre\17.0.13-win32-x86_64\bin\msvcp140.dll
0x00007ffce86f0000 - 0x00007ffce935b000 	c:\Users\yesen binuwara\.vscode\extensions\redhat.java-1.36.0-win32-x64\jre\17.0.13-win32-x86_64\bin\server\jvm.dll
0x00007ffd4db50000 - 0x00007ffd4dc02000 	C:\WINDOWS\System32\ADVAPI32.dll
0x00007ffd4daa0000 - 0x00007ffd4db47000 	C:\WINDOWS\System32\sechost.dll
0x00007ffd4c5b0000 - 0x00007ffd4c5d8000 	C:\WINDOWS\System32\bcrypt.dll
0x00007ffd4e0a0000 - 0x00007ffd4e1b4000 	C:\WINDOWS\System32\RPCRT4.dll
0x00007ffd4e1d0000 - 0x00007ffd4e241000 	C:\WINDOWS\System32\WS2_32.dll
0x00007ffd4adb0000 - 0x00007ffd4adfd000 	C:\WINDOWS\SYSTEM32\POWRPROF.dll
0x00007ffd3fe60000 - 0x00007ffd3fe94000 	C:\WINDOWS\SYSTEM32\WINMM.dll
0x00007ffd40880000 - 0x00007ffd4088a000 	C:\WINDOWS\SYSTEM32\VERSION.dll
0x00007ffd4ad90000 - 0x00007ffd4ada3000 	C:\WINDOWS\SYSTEM32\UMPDC.dll
0x00007ffd4b050000 - 0x00007ffd4b068000 	C:\WINDOWS\SYSTEM32\kernel.appcore.dll
0x00007ffd3b120000 - 0x00007ffd3b12a000 	c:\Users\yesen binuwara\.vscode\extensions\redhat.java-1.36.0-win32-x64\jre\17.0.13-win32-x86_64\bin\jimage.dll
0x00007ffd49770000 - 0x00007ffd499a2000 	C:\WINDOWS\SYSTEM32\DBGHELP.DLL
0x00007ffd4e2d0000 - 0x00007ffd4e65f000 	C:\WINDOWS\System32\combase.dll
0x00007ffd4c9f0000 - 0x00007ffd4cac7000 	C:\WINDOWS\System32\OLEAUT32.dll
0x00007ffd3bb10000 - 0x00007ffd3bb42000 	C:\WINDOWS\SYSTEM32\dbgcore.DLL
0x00007ffd4c040000 - 0x00007ffd4c0bb000 	C:\WINDOWS\System32\bcryptPrimitives.dll
0x00007ffd39c30000 - 0x00007ffd39c3e000 	c:\Users\yesen binuwara\.vscode\extensions\redhat.java-1.36.0-win32-x64\jre\17.0.13-win32-x86_64\bin\instrument.dll
0x00007ffd31220000 - 0x00007ffd31245000 	c:\Users\yesen binuwara\.vscode\extensions\redhat.java-1.36.0-win32-x64\jre\17.0.13-win32-x86_64\bin\java.dll
0x00007ffd31200000 - 0x00007ffd31218000 	c:\Users\yesen binuwara\.vscode\extensions\redhat.java-1.36.0-win32-x64\jre\17.0.13-win32-x86_64\bin\zip.dll
0x00007ffd4cf40000 - 0x00007ffd4d7b6000 	C:\WINDOWS\System32\SHELL32.dll
0x00007ffd49e70000 - 0x00007ffd4a773000 	C:\WINDOWS\SYSTEM32\windows.storage.dll
0x00007ffd49d30000 - 0x00007ffd49e6f000 	C:\WINDOWS\SYSTEM32\wintypes.dll
0x00007ffd4e8a0000 - 0x00007ffd4e999000 	C:\WINDOWS\System32\SHCORE.dll
0x00007ffd4cd70000 - 0x00007ffd4cdce000 	C:\WINDOWS\System32\shlwapi.dll
0x00007ffd4be50000 - 0x00007ffd4be7b000 	C:\WINDOWS\SYSTEM32\profapi.dll
0x00007ffd310c0000 - 0x00007ffd310d9000 	C:\Users\yesen binuwara\.vscode\extensions\redhat.java-1.36.0-win32-x64\jre\17.0.13-win32-x86_64\bin\net.dll
0x00007ffd41470000 - 0x00007ffd415a6000 	C:\WINDOWS\SYSTEM32\WINHTTP.dll
0x00007ffd4b4d0000 - 0x00007ffd4b539000 	C:\WINDOWS\system32\mswsock.dll
0x00007ffd31050000 - 0x00007ffd31066000 	C:\Users\yesen binuwara\.vscode\extensions\redhat.java-1.36.0-win32-x64\jre\17.0.13-win32-x86_64\bin\nio.dll
0x00007ffd34820000 - 0x00007ffd34830000 	c:\Users\yesen binuwara\.vscode\extensions\redhat.java-1.36.0-win32-x64\jre\17.0.13-win32-x86_64\bin\verify.dll
0x00007ffd30380000 - 0x00007ffd303c5000 	C:\Users\yesen binuwara\AppData\Roaming\Code\User\globalStorage\redhat.java\1.36.0\config_win\org.eclipse.equinox.launcher\org.eclipse.equinox.launcher.win32.win32.x86_64_1.2.1100.v20240722-2106\eclipse_11904.dll
0x00007ffd4e660000 - 0x00007ffd4e805000 	C:\WINDOWS\System32\ole32.dll
0x00007ffd4b720000 - 0x00007ffd4b73b000 	C:\WINDOWS\SYSTEM32\CRYPTSP.dll
0x00007ffd4afb0000 - 0x00007ffd4afe5000 	C:\WINDOWS\system32\rsaenh.dll
0x00007ffd4b5c0000 - 0x00007ffd4b5e8000 	C:\WINDOWS\SYSTEM32\USERENV.dll
0x00007ffd4b740000 - 0x00007ffd4b74c000 	C:\WINDOWS\SYSTEM32\CRYPTBASE.dll
0x00007ffd4aa90000 - 0x00007ffd4aabd000 	C:\WINDOWS\SYSTEM32\IPHLPAPI.DLL
0x00007ffd4dc10000 - 0x00007ffd4dc19000 	C:\WINDOWS\System32\NSI.dll
0x00007ffd40890000 - 0x00007ffd408a9000 	C:\WINDOWS\SYSTEM32\dhcpcsvc6.DLL
0x00007ffd40750000 - 0x00007ffd4076f000 	C:\WINDOWS\SYSTEM32\dhcpcsvc.DLL
0x00007ffd4ab10000 - 0x00007ffd4ac12000 	C:\WINDOWS\SYSTEM32\DNSAPI.dll
0x00007ffd2ff30000 - 0x00007ffd2ff79000 	C:\Users\yesen binuwara\AppData\Local\Temp\jna--945223657\jna8061040047894785559.dll
0x00007ffd4cb80000 - 0x00007ffd4cb88000 	C:\WINDOWS\System32\PSAPI.DLL

dbghelp: loaded successfully - version: 4.0.5 - missing functions: none
symbol engine: initialized successfully - sym options: 0x614 - pdb path: .;c:\Users\yesen binuwara\.vscode\extensions\redhat.java-1.36.0-win32-x64\jre\17.0.13-win32-x86_64\bin;C:\WINDOWS\SYSTEM32;C:\WINDOWS\WinSxS\amd64_microsoft.windows.common-controls_6595b64144ccf1df_6.0.22621.4391_none_2715d37f73803e96;c:\Users\yesen binuwara\.vscode\extensions\redhat.java-1.36.0-win32-x64\jre\17.0.13-win32-x86_64\bin\server;C:\Users\yesen binuwara\AppData\Roaming\Code\User\globalStorage\redhat.java\1.36.0\config_win\org.eclipse.equinox.launcher\org.eclipse.equinox.launcher.win32.win32.x86_64_1.2.1100.v20240722-2106;C:\Users\yesen binuwara\AppData\Local\Temp\jna--945223657

VM Arguments:
jvm_args: --add-modules=ALL-SYSTEM --add-opens=java.base/java.util=ALL-UNNAMED --add-opens=java.base/java.lang=ALL-UNNAMED --add-opens=java.base/sun.nio.fs=ALL-UNNAMED -Declipse.application=org.eclipse.jdt.ls.core.id1 -Dosgi.bundles.defaultStartLevel=4 -Declipse.product=org.eclipse.jdt.ls.core.product -Djava.import.generatesMetadataFilesAtProjectRoot=false -DDetectVMInstallationsJob.disabled=true -Dfile.encoding=utf8 -XX:+UseParallelGC -XX:GCTimeRatio=4 -XX:AdaptiveSizePolicyWeight=90 -Dsun.zip.disableMemoryMapping=true -Xmx1G -Xms100m -Xlog:disable -javaagent:c:\Users\yesen binuwara\.vscode\extensions\redhat.java-1.36.0-win32-x64\lombok\lombok-1.18.35.jar -XX:+HeapDumpOnOutOfMemoryError -XX:HeapDumpPath=c:\Users\yesen binuwara\AppData\Roaming\Code\User\workspaceStorage\caab01ede173fb20102cb1c75776ea43\redhat.java -Daether.dependencyCollector.impl=bf 
java_command: c:\Users\yesen binuwara\.vscode\extensions\redhat.java-1.36.0-win32-x64\server\plugins\org.eclipse.equinox.launcher_1.6.900.v20240613-2009.jar -configuration c:\Users\yesen binuwara\AppData\Roaming\Code\User\globalStorage\redhat.java\1.36.0\config_win -data c:\Users\yesen binuwara\AppData\Roaming\Code\User\workspaceStorage\caab01ede173fb20102cb1c75776ea43\redhat.java\jdt_ws --pipe=\\.\pipe\lsp-1d8e4750a263e44d478c5207dc9f1e11-sock
java_class_path (initial): c:\Users\yesen binuwara\.vscode\extensions\redhat.java-1.36.0-win32-x64\server\plugins\org.eclipse.equinox.launcher_1.6.900.v20240613-2009.jar
Launcher Type: SUN_STANDARD

[Global flags]
    uintx AdaptiveSizePolicyWeight                 = 90                                        {product} {command line}
     intx CICompilerCount                          = 4                                         {product} {ergonomic}
    uintx GCTimeRatio                              = 4                                         {product} {command line}
     bool HeapDumpOnOutOfMemoryError               = true                                   {manageable} {command line}
    ccstr HeapDumpPath                             = c:\Users\yesen binuwara\AppData\Roaming\Code\User\workspaceStorage\caab01ede173fb20102cb1c75776ea43\redhat.java         {manageable} {command line}
   size_t InitialHeapSize                          = 104857600                                 {product} {command line}
   size_t MaxHeapSize                              = 1073741824                                {product} {command line}
   size_t MaxNewSize                               = 357564416                                 {product} {ergonomic}
   size_t MinHeapDeltaBytes                        = 524288                                    {product} {ergonomic}
   size_t MinHeapSize                              = 104857600                                 {product} {command line}
   size_t NewSize                                  = 34603008                                  {product} {ergonomic}
    uintx NonNMethodCodeHeapSize                   = 5839372                                {pd product} {ergonomic}
    uintx NonProfiledCodeHeapSize                  = 122909434                              {pd product} {ergonomic}
   size_t OldSize                                  = 70254592                                  {product} {ergonomic}
    uintx ProfiledCodeHeapSize                     = 122909434                              {pd product} {ergonomic}
    uintx ReservedCodeCacheSize                    = 251658240                              {pd product} {ergonomic}
     bool SegmentedCodeCache                       = true                                      {product} {ergonomic}
   size_t SoftMaxHeapSize                          = 1073741824                             {manageable} {ergonomic}
     bool UseCompressedClassPointers               = true                           {product lp64_product} {ergonomic}
     bool UseCompressedOops                        = true                           {product lp64_product} {ergonomic}
     bool UseLargePagesIndividualAllocation        = false                                  {pd product} {ergonomic}
     bool UseParallelGC                            = true                                      {product} {command line}

Logging:
Log output configuration:
 #0: stdout all=off uptime,level,tags
 #1: stderr all=off uptime,level,tags

Environment Variables:
JAVA_HOME=C:\Program Files\Java\jdk-17
PATH=C:\Program Files\Java\jdk-17\bin;C:\Program Files (x86)\Common Files\Oracle\Java\java8path;C:\Program Files (x86)\Common Files\Oracle\Java\javapath;C:\Python312\Scripts\;C:\Python312\;C:\Windows\system32;C:\Windows;C:\Windows\System32\Wbem;C:\Windows\System32\WindowsPowerShell\v1.0\;C:\Windows\System32\OpenSSH\;C:\Program Files\NVIDIA Corporation\NVIDIA NvDLISR;C:\WINDOWS\system32;C:\WINDOWS;C:\WINDOWS\System32\Wbem;C:\WINDOWS\System32\WindowsPowerShell\v1.0\;C:\WINDOWS\System32\OpenSSH\;C:\Program Files\dotnet\;C:\Program Files\Common Files\Autodesk Shared\;C:\Program Files (x86)\NVIDIA Corporation\PhysX\Common;C:\WINDOWS\system32;C:\WINDOWS;C:\WINDOWS\System32\Wbem;C:\WINDOWS\System32\WindowsPowerShell\v1.0\;C:\WINDOWS\System32\OpenSSH\;C:\Program Files\Microchip\xc8\v2.46\bin;C:\Program Files\Microchip\xc-dsc\v3.00\bin;C:\Program Files\Microchip\xc16\v2.10\bin;C:\Program Files\Microchip\xc32\v4.35\bin;C:\Program Files\Microsoft SQL Server\150\Tools\Binn\;C:\Program Files\nodejs\;C:\ProgramData\chocolatey\bin;C:\Program Files\MySQL\MySQL Utilities 1.6\;C:\Program Files\MySQL\MySQL Server 8.0\bin;C:\Users\yesen binuwara\AppData\Local\Programs\Python\Python312\Scripts\;C:\Users\yesen binuwara\AppData\Local\Programs\Python\Python312\;C:\Users\yesen binuwara\AppData\Local\Programs\Python\Launcher\;C:\Users\yesen binuwara\AppData\Local\Microsoft\WindowsApps;C:\TDM-GCC-64\bin;C:\Users\yesen binuwara\AppData\Local\Programs\Git\cmd;C:\Users\yesen binuwara\AppData\Local\Programs\Microsoft VS Code\bin;C:\Users\yesen binuwara\AppData\Roaming\npm
USERNAME=yesen binuwara
OS=Windows_NT
PROCESSOR_IDENTIFIER=Intel64 Family 6 Model 140 Stepping 1, GenuineIntel
TMP=C:\Users\yesen binuwara\AppData\Local\Temp
TEMP=C:\Users\yesen binuwara\AppData\Local\Temp



Periodic native trim disabled


---------------  S Y S T E M  ---------------

OS:
 Windows 11 , 64 bit Build 22621 (10.0.22621.4391)
OS uptime: 1 days 20:19 hours

CPU: total 8 (initial active 8) (4 cores per cpu, 2 threads per core) family 6 model 140 stepping 1 microcode 0xb8, cx8, cmov, fxsr, ht, mmx, 3dnowpref, sse, sse2, sse3, ssse3, sse4.1, sse4.2, popcnt, lzcnt, tsc, tscinvbit, avx, avx2, aes, erms, clmul, bmi1, bmi2, adx, avx512f, avx512dq, avx512cd, avx512bw, avx512vl, sha, fma, vzeroupper, avx512_vpopcntdq, avx512_vpclmulqdq, avx512_vaes, avx512_vnni, clflush, clflushopt, clwb, avx512_vbmi2, avx512_vbmi
Processor Information for all 8 processors :
  Max Mhz: 2803, Current Mhz: 2803, Mhz Limit: 2803

Memory: 4k page, system-wide physical 7914M (345M free)
TotalPageFile size 32490M (AvailPageFile size 205M)
current process WorkingSet (physical memory assigned to process): 489M, peak: 585M
current process commit charge ("private bytes"): 577M, peak: 663M

vm_info: OpenJDK 64-Bit Server VM (17.0.13+11) for windows-amd64 JRE (17.0.13+11), built on Oct 16 2024 00:10:08 by "admin" with MS VC++ 17.7 (VS2022)

END.
